\BOOKMARK [1][-]{section.1}{\376\377\0001\000\040\000P\000E\000N\000D\000A\000H\000U\000L\000U\000A\000N}{}% 1
\BOOKMARK [2][-]{subsection.1.1}{\376\377\0001\000.\0001\000\040\000L\000a\000t\000a\000r\000\040\000B\000e\000l\000a\000k\000a\000n\000g}{section.1}% 2
\BOOKMARK [2][-]{subsection.1.2}{\376\377\0001\000.\0002\000\040\000P\000e\000r\000m\000a\000s\000a\000l\000a\000h\000a\000n}{section.1}% 3
\BOOKMARK [2][-]{subsection.1.3}{\376\377\0001\000.\0003\000\040\000P\000e\000n\000e\000l\000i\000t\000i\000a\000n\000\040\000T\000e\000r\000k\000a\000i\000t}{section.1}% 4
\BOOKMARK [2][-]{subsection.1.4}{\376\377\0001\000.\0004\000\040\000G\000a\000p\000\040\000P\000e\000n\000e\000l\000i\000t\000i\000a\000n}{section.1}% 5
\BOOKMARK [2][-]{subsection.1.5}{\376\377\0001\000.\0005\000\040\000T\000u\000j\000u\000a\000n\000\040\000P\000e\000n\000e\000l\000i\000t\000i\000a\000n}{section.1}% 6
\BOOKMARK [1][-]{section.2}{\376\377\0002\000\040\000T\000I\000N\000J\000A\000U\000A\000N\000\040\000P\000U\000S\000T\000A\000K\000A}{}% 7
\BOOKMARK [2][-]{subsection.2.1}{\376\377\0002\000.\0001\000\040\000P\000e\000n\000y\000a\000k\000i\000t\000\040\000O\000t\000a\000k}{section.2}% 8
\BOOKMARK [2][-]{subsection.2.2}{\376\377\0002\000.\0002\000\040\000S\000t\000r\000o\000k\000e}{section.2}% 9
\BOOKMARK [2][-]{subsection.2.3}{\376\377\0002\000.\0003\000\040\000T\000u\000m\000o\000r\000\040\000O\000t\000a\000k}{section.2}% 10
\BOOKMARK [2][-]{subsection.2.4}{\376\377\0002\000.\0004\000\040\000A\000l\000z\000h\000e\000i\000m\000e\000r}{section.2}% 11
\BOOKMARK [2][-]{subsection.2.5}{\376\377\0002\000.\0005\000\040\000M\000a\000g\000n\000e\000t\000i\000c\000\040\000R\000e\000s\000o\000n\000a\000n\000c\000e\000\040\000I\000m\000a\000g\000i\000n\000g\000\040\000\050\000M\000R\000I\000\051}{section.2}% 12
\BOOKMARK [2][-]{subsection.2.6}{\376\377\0002\000.\0006\000\040\000C\000o\000n\000v\000o\000l\000u\000t\000i\000o\000n\000a\000l\000\040\000N\000e\000u\000r\000a\000n\000l\000\040\000N\000e\000t\000w\000o\000r\000k\000\040\000\050\000C\000N\000N\000\051}{section.2}% 13
\BOOKMARK [1][-]{section.3}{\376\377\0003\000\040\000M\000E\000T\000O\000D\000O\000L\000O\000G\000I}{}% 14
\BOOKMARK [2][-]{subsection.3.1}{\376\377\0003\000.\0001\000\040\000D\000a\000t\000a\000\040\000d\000a\000n\000\040\000P\000e\000r\000a\000l\000a\000t\000a\000n\000/\000\040\000D\000a\000t\000a\000\040\000d\000a\000n\000\040\000A\000l\000a\000t\000\040\000B\000a\000n\000t\000u\000/\000\040\000M\000a\000t\000e\000r\000i\000a\000l}{section.3}% 15
\BOOKMARK [2][-]{subsection.3.2}{\376\377\0003\000.\0002\000\040\000M\000e\000t\000o\000d\000o\000l\000o\000g\000i\000\040\000P\000e\000n\000e\000l\000i\000t\000i\000a\000n}{section.3}% 16
\BOOKMARK [1][-]{section.4}{\376\377\0004\000\040\000H\000A\000S\000I\000L\000\040\000Y\000A\000N\000G\000\040\000D\000I\000H\000A\000R\000A\000P\000K\000A\000N}{}% 17
\BOOKMARK [2][-]{subsection.4.1}{\376\377\0004\000.\0001\000\040\000H\000a\000s\000i\000l\000\040\000y\000a\000n\000g\000\040\000D\000i\000h\000a\000r\000a\000p\000k\000a\000n\000\040\000d\000a\000r\000i\000\040\000P\000e\000n\000e\000l\000i\000t\000i\000a\000n}{section.4}% 18
\BOOKMARK [2][-]{subsection.4.2}{\376\377\0004\000.\0002\000\040\000H\000a\000s\000i\000l\000\040\000P\000e\000n\000d\000a\000h\000u\000l\000u\000a\000n}{section.4}% 19
\BOOKMARK [1][-]{section.5}{\376\377\0005\000\040\000R\000E\000N\000C\000A\000N\000A\000\040\000K\000E\000R\000J\000A}{}% 20
\BOOKMARK [1][-]{section.6}{\376\377\0006\000\040\000D\000A\000F\000T\000A\000R\000\040\000P\000U\000S\000T\000A\000K\000A}{}% 21
